Live reload enabled.
custom.js:252 Initial Result: cherry - bell - melon
custom.js:252 Initial Result: seven - bell - melon
custom.js:252 Initial Result: seven - lemon - cherry
custom.js:252 Initial Result: bell - bell - seven
custom.js:278 New Line: melon - cherry - lemon
custom.js:252 Initial Result: bar - bell - bell
custom.js:278 New Line: seven - bell - banana
custom.js:252 Initial Result: bell - bell - melon
custom.js:278 New Line: lemon - banana - bell
custom.js:252 Initial Result: bar - bell - seven
custom.js:252 Initial Result: bell - bell - bar
custom.js:278 New Line: melon - bell - banana
custom.js:252 Initial Result: bell - bell - melon
custom.js:278 New Line: bar - bell - seven
custom.js:252 Initial Result: melon - seven - banana
custom.js:252 Initial Result: bell - banana - bell
custom.js:278 New Line: bar - cherry - lemon
custom.js:252 Initial Result: bell - orange - bell
custom.js:278 New Line: melon - seven - seven
custom.js:252 Initial Result: seven - cherry - bar
custom.js:252 Initial Result: seven - bell - seven
custom.js:278 New Line: seven - bell - bar
custom.js:252 Initial Result: melon - bell - seven
custom.js:252 Initial Result: bar - seven - melon
custom.js:252 Initial Result: bar - bell - melon
custom.js:252 Initial Result: bar - bell - seven
custom.js:252 Initial Result: orange - bar - bar
custom.js:252 Initial Result: seven - bell - lemon
custom.js:252 Initial Result: melon - lemon - bell
custom.js:252 Initial Result: orange - bell - bell
custom.js:278 New Line: bell - banana - banana
custom.js:278 New Line: bell - bell - melon
custom.js:278 New Line: bar - bell - seven
custom.js:252 Initial Result: orange - banana - melon
custom.js:252 Initial Result: melon - cherry - seven
custom.js:252 Initial Result: bell - lemon - seven
custom.js:252 Initial Result: lemon - bell - bell
custom.js:278 New Line: orange - seven - banana
custom.js:252 Initial Result: bar - cherry - bell
custom.js:252 Initial Result: seven - melon - bell
custom.js:252 Initial Result: bar - bell - bell
custom.js:278 New Line: bar - cherry - seven
custom.js:252 Initial Result: melon - bell - cherry
custom.js:252 Initial Result: bell - bell - lemon
custom.js:278 New Line: melon - bell - bell
custom.js:278 New Line: banana - bell - melon
custom.js:252 Initial Result: plum - bell - bar
custom.js:252 Initial Result: melon - bar - seven
custom.js:252 Initial Result: bar - bell - lemon
custom.js:252 Initial Result: bar - bell - seven
custom.js:252 Initial Result: lemon - bell - lemon
custom.js:278 New Line: melon - bell - bar
custom.js:252 Initial Result: cherry - banana - seven
custom.js:252 Initial Result: seven - bell - seven
custom.js:278 New Line: cherry - bell - bar
custom.js:252 Initial Result: melon - bell - bell
custom.js:278 New Line: plum - seven - banana
custom.js:252 Initial Result: lemon - bell - plum
custom.js:252 Initial Result: seven - bell - bell
custom.js:278 New Line: seven - seven - plum
custom.js:252 Initial Result: bell - bell - seven
custom.js:278 New Line: bell - bell - bar
custom.js:278 New Line: seven - seven - lemon
custom.js:252 Initial Result: bell - seven - orange
custom.js:252 Initial Result: bar - bell - orange
custom.js:252 Initial Result: seven - seven - melon
custom.js:252 Initial Result: bell - bell - bell
custom.js:278 New Line: orange - bell - lemon
custom.js:252 Initial Result: seven - bell - lemon
custom.js:252 Initial Result: seven - bell - orange
custom.js:252 Initial Result: seven - seven - plum
custom.js:252 Initial Result: lemon - seven - bell
custom.js:252 Initial Result: bell - bell - orange
custom.js:278 New Line: seven - seven - cherry
custom.js:252 Initial Result: seven - bell - bell
custom.js:278 New Line: bell - bell - seven
custom.js:278 New Line: orange - seven - seven
custom.js:252 Initial Result: bell - bell - orange
custom.js:278 New Line: banana - bell - bar
custom.js:252 Initial Result: seven - seven - banana
custom.js:252 Initial Result: bar - bell - cherry
custom.js:252 Initial Result: bell - bell - lemon
custom.js:278 New Line: melon - bell - bar
custom.js:252 Initial Result: plum - banana - bell
custom.js:252 Initial Result: plum - bell - bell
custom.js:278 New Line: orange - bell - lemon
custom.js:252 Initial Result: bar - bell - cherry
custom.js:252 Initial Result: bar - bell - bell
custom.js:278 New Line: bell - bell - melon
custom.js:278 New Line: plum - seven - seven
custom.js:252 Initial Result: bar - bell - melon
custom.js:252 Initial Result: bell - bell - bar
custom.js:278 New Line: bell - bell - banana
custom.js:278 New Line: banana - bell - bell
custom.js:278 New Line: melon - bell - melon
custom.js:278 New Line: plum - bell - bell
custom.js:278 New Line: banana - bell - melon
custom.js:252 Initial Result: bell - orange - banana
custom.js:252 Initial Result: melon - seven - seven
custom.js:252 Initial Result: melon - bell - bell
custom.js:278 New Line: bar - bell - bar
custom.js:278 New Line: bar - orange - melon
2custom.js:252 Initial Result: bar - bell - seven